Using pre-set license

 COMMAND LINE ARGUMENTS:
/Applications/Unity/Hub/Editor/2020.3.12f1/Unity.app/Contents/MacOS/Unity
-adb2
-batchMode
-noUpm
-name
AssetImportWorker0
-projectPath
/Users/amy/Perforce/amyzhao_AmysMac_1/etc/courses/2021_semester_2/nhsga/Game_1/Tempest/working/Tempest-FinalBuild
-logFile
Logs/AssetImportWorker0.log
-srvPort
50388
Successfully changed project path to: /Users/amy/Perforce/amyzhao_AmysMac_1/etc/courses/2021_semester_2/nhsga/Game_1/Tempest/working/Tempest-FinalBuild
/Users/amy/Perforce/amyzhao_AmysMac_1/etc/courses/2021_semester_2/nhsga/Game_1/Tempest/working/Tempest-FinalBuild
Using Asset Import Pipeline V2.
Refreshing native plugins compatible for Editor in 28.08 ms, found 2 plugins.
Preloading 0 native plugins for Editor in 0.00 ms.
Initialize engine version: 2020.3.12f1 (b3b2c6512326)
[Subsystems] Discovering subsystems at path /Applications/Unity/Hub/Editor/2020.3.12f1/Unity.app/Contents/Resources/UnitySubsystems
[Subsystems] Discovering subsystems at path /Users/amy/Perforce/amyzhao_AmysMac_1/etc/courses/2021_semester_2/nhsga/Game_1/Tempest/working/Tempest-FinalBuild/Assets
GfxDevice: creating device client; threaded=0
2021-07-30 09:36:49.989 Unity[1818:39650] (null) preferred device: Apple M1 (high power)
2021-07-30 09:36:49.989 Unity[1818:39650] Metal devices available: 1
2021-07-30 09:36:49.989 Unity[1818:39650] 0: Apple M1 (high power)
2021-07-30 09:36:49.990 Unity[1818:39650] Using device Apple M1 (high power)
Initializing Metal device caps: Apple M1
Initialize mono
Mono path[0] = '/Applications/Unity/Hub/Editor/2020.3.12f1/Unity.app/Contents/Managed'
Mono path[1] = '/Applications/Unity/Hub/Editor/2020.3.12f1/Unity.app/Contents/MonoBleedingEdge/lib/mono/unityjit'
Mono config path = '/Applications/Unity/Hub/Editor/2020.3.12f1/Unity.app/Contents/MonoBleedingEdge/etc'
Using monoOptions --debugger-agent=transport=dt_socket,embedding=1,server=y,suspend=n,address=127.0.0.1:56818
Begin MonoManager ReloadAssembly
Registering precompiled unity dll's ...
Register platform support module: /Applications/Unity/Hub/Editor/2020.3.12f1/PlaybackEngines/WebGLSupport/UnityEditor.WebGL.Extensions.dll
Register platform support module: /Applications/Unity/Hub/Editor/2020.3.12f1/Unity.app/Contents/PlaybackEngines/MacStandaloneSupport/UnityEditor.OSXStandalone.Extensions.dll
Registered in 0.002223 seconds.
Native extension for OSXStandalone target not found
Native extension for WebGL target not found
Refreshing native plugins compatible for Editor in 24.41 ms, found 2 plugins.
Preloading 0 native plugins for Editor in 0.00 ms.
Mono: successfully reloaded assembly
- Completed reload, in  1.850 seconds
Platform modules already initialized, skipping
Registering precompiled user dll's ...
Registered in 0.003821 seconds.
Begin MonoManager ReloadAssembly
Native extension for OSXStandalone target not found
Native extension for WebGL target not found
Refreshing native plugins compatible for Editor in 0.26 ms, found 2 plugins.
Preloading 0 native plugins for Editor in 0.00 ms.
Mono: successfully reloaded assembly
- Completed reload, in  2.265 seconds
Platform modules already initialized, skipping
========================================================================
Worker process is ready to serve import requests
Launching external process: /Applications/Unity/Hub/Editor/2020.3.12f1/Unity.app/Contents/Tools/UnityShaderCompiler
Launched and connected shader compiler UnityShaderCompiler after 0.03 seconds
Refreshing native plugins compatible for Editor in 0.24 ms, found 2 plugins.
Preloading 0 native plugins for Editor in 0.00 ms.
Unloading 1386 Unused Serialized files (Serialized files now loaded: 0)
System memory in use before: 134.2 MB.
System memory in use after: 134.3 MB.

Unloading 19 unused Assets to reduce memory usage. Loaded Objects now: 1819.
Total: 1.501500 ms (FindLiveObjects: 0.148292 ms CreateObjectMapping: 0.028250 ms MarkObjects: 1.244166 ms  DeleteObjects: 0.079708 ms)

AssetImportParameters requested are different than current active one (requested -> active):
  custom:video-decoder-ogg-theora: a1e56fd34408186e4bbccfd4996cb3dc -> 
  custom:container-muxer-webm: aa71ff27fc2769a1b78a27578f13a17b -> 
  custom:container-demuxer-webm: 4f35f7cbe854078d1ac9338744f61a02 -> 
  custom:container-demuxer-ogg: 62fdf1f143b41e24485cea50d1cbac27 -> 
  custom:video-encoder-webm-vp8: eb34c28f22e8b96e1ab97ce403110664 -> 
  custom:framework-osx-AVFoundation: e770b220cccbd017edd2c1fefb359320 -> 
  custom:video-decoder-webm-vp8: 9c59270c3fd7afecdb556c50c9e8de78 -> 
  custom:audio-decoder-ogg-vorbis: bf7c407c2cedff20999df2af8eb42d56 -> 
  custom:audio-encoder-webm-vorbis: bf7c407c2cedff20999df2af8eb42d56 -> 
========================================================================
Received Prepare
Registering precompiled user dll's ...
Registered in 0.002790 seconds.
Begin MonoManager ReloadAssembly
Native extension for OSXStandalone target not found
Native extension for WebGL target not found
Refreshing native plugins compatible for Editor in 0.66 ms, found 2 plugins.
Preloading 0 native plugins for Editor in 0.00 ms.
Mono: successfully reloaded assembly
- Completed reload, in  2.520 seconds
Platform modules already initialized, skipping
Refreshing native plugins compatible for Editor in 0.26 ms, found 2 plugins.
Preloading 0 native plugins for Editor in 0.00 ms.
Unloading 1405 Unused Serialized files (Serialized files now loaded: 0)
System memory in use before: 140.2 MB.
System memory in use after: 140.2 MB.

Unloading 14 unused Assets to reduce memory usage. Loaded Objects now: 1846.
Total: 3.446375 ms (FindLiveObjects: 0.869917 ms CreateObjectMapping: 0.029333 ms MarkObjects: 2.226458 ms  DeleteObjects: 0.319750 ms)

AssetImportParameters requested are different than current active one (requested -> active):
  custom:video-decoder-ogg-theora: a1e56fd34408186e4bbccfd4996cb3dc -> 
  custom:container-muxer-webm: aa71ff27fc2769a1b78a27578f13a17b -> 
  custom:container-demuxer-webm: 4f35f7cbe854078d1ac9338744f61a02 -> 
  custom:container-demuxer-ogg: 62fdf1f143b41e24485cea50d1cbac27 -> 
  custom:video-encoder-webm-vp8: eb34c28f22e8b96e1ab97ce403110664 -> 
  custom:framework-osx-AVFoundation: e770b220cccbd017edd2c1fefb359320 -> 
  custom:video-decoder-webm-vp8: 9c59270c3fd7afecdb556c50c9e8de78 -> 
  custom:audio-decoder-ogg-vorbis: bf7c407c2cedff20999df2af8eb42d56 -> 
  custom:audio-encoder-webm-vorbis: bf7c407c2cedff20999df2af8eb42d56 -> 
========================================================================
Received Import Request.
  path: Assets/main_audio.mixer
  artifactKey: Guid(a7d0bd44138e14a34a14de71de71a017) Importer(815301076,1909f56bfc062723c751e8b465ee728b)
Start importing Assets/main_audio.mixer using Guid(a7d0bd44138e14a34a14de71de71a017) Importer(815301076,1909f56bfc062723c751e8b465ee728b)  -> (artifact id: '79e1343341e39bcdb8bf313502b52af4') in 0.813592 seconds 
  Import took 0.817425 seconds .

========================================================================
Received Import Request.
  Time since last request: 9.694849 seconds.
  path: Assets/Materials
  artifactKey: Guid(e7c07d765c6b549e2b4f0f276ea3ca12) Importer(815301076,1909f56bfc062723c751e8b465ee728b)
Start importing Assets/Materials using Guid(e7c07d765c6b549e2b4f0f276ea3ca12) Importer(815301076,1909f56bfc062723c751e8b465ee728b)  -> (artifact id: '4f95a80ed8f632aae02546ce6f56fade') in 0.000972 seconds 
  Import took 0.003476 seconds .

========================================================================
Received Import Request.
  Time since last request: 0.052755 seconds.
  path: Assets/Materials
  artifactKey: Guid(e7c07d765c6b549e2b4f0f276ea3ca12) Importer(815301076,1909f56bfc062723c751e8b465ee728b)
Start importing Assets/Materials using Guid(e7c07d765c6b549e2b4f0f276ea3ca12) Importer(815301076,1909f56bfc062723c751e8b465ee728b)  -> (artifact id: '4f95a80ed8f632aae02546ce6f56fade') in 0.000626 seconds 
  Import took 0.002298 seconds .

========================================================================
Received Import Request.
  Time since last request: 3.142624 seconds.
  path: Assets/Scenes
  artifactKey: Guid(53d70c738a7704a42b2d54cca14325fb) Importer(815301076,1909f56bfc062723c751e8b465ee728b)
Start importing Assets/Scenes using Guid(53d70c738a7704a42b2d54cca14325fb) Importer(815301076,1909f56bfc062723c751e8b465ee728b)  -> (artifact id: '643f787303bc08a21baa79075cb7705d') in 0.000967 seconds 
  Import took 0.003583 seconds .

========================================================================
Received Import Request.
  Time since last request: 2.140822 seconds.
  path: Assets/Scenes/DEMO_FOLDER
  artifactKey: Guid(782474e3e67d34fe29c4b225861ca59f) Importer(815301076,1909f56bfc062723c751e8b465ee728b)
Start importing Assets/Scenes/DEMO_FOLDER using Guid(782474e3e67d34fe29c4b225861ca59f) Importer(815301076,1909f56bfc062723c751e8b465ee728b)  -> (artifact id: '0e2214ebd9a9f660246053fb9cb8c98b') in 0.001113 seconds 
  Import took 0.003854 seconds .

========================================================================
Received Import Request.
  Time since last request: 1.821164 seconds.
  path: Assets/Scenes/DEMO_FOLDER/Gameplay1.unity
  artifactKey: Guid(79be26447f7f14df58443a98aab635a1) Importer(815301076,1909f56bfc062723c751e8b465ee728b)
Start importing Assets/Scenes/DEMO_FOLDER/Gameplay1.unity using Guid(79be26447f7f14df58443a98aab635a1) Importer(815301076,1909f56bfc062723c751e8b465ee728b)  -> (artifact id: '1c343e728f43e0b730b4c524f41f85f2') in 0.002599 seconds 
  Import took 0.005399 seconds .

========================================================================
Received Import Request.
  Time since last request: 0.005407 seconds.
  path: Assets/Scenes/DEMO_FOLDER/Gameplay1.unity
  artifactKey: Guid(79be26447f7f14df58443a98aab635a1) Importer(815301076,1909f56bfc062723c751e8b465ee728b)
Start importing Assets/Scenes/DEMO_FOLDER/Gameplay1.unity using Guid(79be26447f7f14df58443a98aab635a1) Importer(815301076,1909f56bfc062723c751e8b465ee728b)  -> (artifact id: '1c343e728f43e0b730b4c524f41f85f2') in 0.000987 seconds 
  Import took 0.002933 seconds .

========================================================================
Received Import Request.
  Time since last request: 11.548904 seconds.
  path: Assets/Scenes/DEMO_FOLDER/Gameplay2.unity
  artifactKey: Guid(f004650786fc24b43a2e3b5c456a7b76) Importer(815301076,1909f56bfc062723c751e8b465ee728b)
Start importing Assets/Scenes/DEMO_FOLDER/Gameplay2.unity using Guid(f004650786fc24b43a2e3b5c456a7b76) Importer(815301076,1909f56bfc062723c751e8b465ee728b)  -> (artifact id: '420a0c8c9be15b5b1ccd2e713620bee6') in 0.002619 seconds 
  Import took 0.017722 seconds .

========================================================================
Received Import Request.
  Time since last request: 0.000296 seconds.
  path: Assets/Scenes/DEMO_FOLDER/Gameplay2.unity
  artifactKey: Guid(f004650786fc24b43a2e3b5c456a7b76) Importer(815301076,1909f56bfc062723c751e8b465ee728b)
Start importing Assets/Scenes/DEMO_FOLDER/Gameplay2.unity using Guid(f004650786fc24b43a2e3b5c456a7b76) Importer(815301076,1909f56bfc062723c751e8b465ee728b)  -> (artifact id: '420a0c8c9be15b5b1ccd2e713620bee6') in 0.001024 seconds 
  Import took 0.002582 seconds .

========================================================================
Received Import Request.
  Time since last request: 0.960920 seconds.
  path: Assets/Scenes/DEMO_FOLDER/Gameplay3.unity
  artifactKey: Guid(206ef6f5e54434109b67ec0307665020) Importer(815301076,1909f56bfc062723c751e8b465ee728b)
Start importing Assets/Scenes/DEMO_FOLDER/Gameplay3.unity using Guid(206ef6f5e54434109b67ec0307665020) Importer(815301076,1909f56bfc062723c751e8b465ee728b)  -> (artifact id: 'e56c837573ed60279ef2f7eab0476bea') in 0.001915 seconds 
  Import took 0.004761 seconds .

========================================================================
Received Import Request.
  Time since last request: 0.816813 seconds.
  path: Assets/Scenes/DEMO_FOLDER/Gameplay4.unity
  artifactKey: Guid(0b6813073910043149e8a4ec42ffb4be) Importer(815301076,1909f56bfc062723c751e8b465ee728b)
Start importing Assets/Scenes/DEMO_FOLDER/Gameplay4.unity using Guid(0b6813073910043149e8a4ec42ffb4be) Importer(815301076,1909f56bfc062723c751e8b465ee728b)  -> (artifact id: 'cb5fd4e44855d0c0fac3269c878e3af1') in 0.002104 seconds 
  Import took 0.005698 seconds .

========================================================================
Received Import Request.
  Time since last request: 0.873731 seconds.
  path: Assets/Scenes/DEMO_FOLDER/IntroCutScene.unity
  artifactKey: Guid(16b82547c028f4a4e9e74167dca0d764) Importer(815301076,1909f56bfc062723c751e8b465ee728b)
Start importing Assets/Scenes/DEMO_FOLDER/IntroCutScene.unity using Guid(16b82547c028f4a4e9e74167dca0d764) Importer(815301076,1909f56bfc062723c751e8b465ee728b)  -> (artifact id: '0e5ad27933ee95c64f181f914131570b') in 0.002204 seconds 
  Import took 0.005539 seconds .

========================================================================
Received Import Request.
  Time since last request: 0.778057 seconds.
  path: Assets/Scenes/DEMO_FOLDER/MapGen.unity
  artifactKey: Guid(22ec83ac6b1004948ba0554e7f8862bc) Importer(815301076,1909f56bfc062723c751e8b465ee728b)
Start importing Assets/Scenes/DEMO_FOLDER/MapGen.unity using Guid(22ec83ac6b1004948ba0554e7f8862bc) Importer(815301076,1909f56bfc062723c751e8b465ee728b)  -> (artifact id: '0fa013f49b68f3f76236897b183cce68') in 0.001779 seconds 
  Import took 0.005127 seconds .

========================================================================
Received Import Request.
  Time since last request: 3.269125 seconds.
  path: Assets/Scenes/Final_Build
  artifactKey: Guid(d710f144c9d8d464091831eb957a2f5d) Importer(815301076,1909f56bfc062723c751e8b465ee728b)
Start importing Assets/Scenes/Final_Build using Guid(d710f144c9d8d464091831eb957a2f5d) Importer(815301076,1909f56bfc062723c751e8b465ee728b)  -> (artifact id: 'ab8ded59e9420d9c811e049438e0f328') in 0.001441 seconds 
  Import took 0.004491 seconds .

========================================================================
Received Import Request.
  Time since last request: 1.258850 seconds.
  path: Assets/Scenes/Final_Build/GameOver.unity
  artifactKey: Guid(3ec9308557120476da46a188abe4ae81) Importer(815301076,1909f56bfc062723c751e8b465ee728b)
Start importing Assets/Scenes/Final_Build/GameOver.unity using Guid(3ec9308557120476da46a188abe4ae81) Importer(815301076,1909f56bfc062723c751e8b465ee728b)  -> (artifact id: 'ea87a022f1418278e9aed4163df5c37d') in 0.001927 seconds 
  Import took 0.004733 seconds .

========================================================================
Received Import Request.
  Time since last request: 5.215064 seconds.
  path: Assets/Scenes/Final_Build/EnemyAlmanac.unity
  artifactKey: Guid(4cb7ef0f84d254d2eadb74e5aba86b59) Importer(815301076,1909f56bfc062723c751e8b465ee728b)
Start importing Assets/Scenes/Final_Build/EnemyAlmanac.unity using Guid(4cb7ef0f84d254d2eadb74e5aba86b59) Importer(815301076,1909f56bfc062723c751e8b465ee728b)  -> (artifact id: '62643082694723e64cd311a56e39d305') in 0.004107 seconds 
  Import took 0.017545 seconds .

========================================================================
Received Import Request.
  Time since last request: 0.000968 seconds.
  path: Assets/Scenes/Final_Build/EnemyAlmanac.unity
  artifactKey: Guid(4cb7ef0f84d254d2eadb74e5aba86b59) Importer(815301076,1909f56bfc062723c751e8b465ee728b)
Start importing Assets/Scenes/Final_Build/EnemyAlmanac.unity using Guid(4cb7ef0f84d254d2eadb74e5aba86b59) Importer(815301076,1909f56bfc062723c751e8b465ee728b)  -> (artifact id: '62643082694723e64cd311a56e39d305') in 0.001348 seconds 
  Import took 0.003828 seconds .

========================================================================
Received Import Request.
  Time since last request: 2.828167 seconds.
  path: Assets/Scenes/Final_Build/GamePlay.unity
  artifactKey: Guid(7abe33c7867ec498cb5a8450f343edf2) Importer(815301076,1909f56bfc062723c751e8b465ee728b)
Start importing Assets/Scenes/Final_Build/GamePlay.unity using Guid(7abe33c7867ec498cb5a8450f343edf2) Importer(815301076,1909f56bfc062723c751e8b465ee728b)  -> (artifact id: 'caf5491b99f2e5d909b17b57330ca408') in 0.002374 seconds 
  Import took 0.005724 seconds .

========================================================================
Received Import Request.
  Time since last request: 142.263661 seconds.
  path: Assets/Scenes/Final_Build/MainMenu.unity
  artifactKey: Guid(e2d3525bca5e74895be539a9b22502d4) Importer(815301076,1909f56bfc062723c751e8b465ee728b)
Start importing Assets/Scenes/Final_Build/MainMenu.unity using Guid(e2d3525bca5e74895be539a9b22502d4) Importer(815301076,1909f56bfc062723c751e8b465ee728b)  -> (artifact id: '8d234262fafbe96c8b1947484d67ad0c') in 0.006884 seconds 
  Import took 0.020356 seconds .

========================================================================
Received Import Request.
  Time since last request: 254.904192 seconds.
  path: Assets/Scenes/Final_Build/GameOver.unity
  artifactKey: Guid(3ec9308557120476da46a188abe4ae81) Importer(815301076,1909f56bfc062723c751e8b465ee728b)
Start importing Assets/Scenes/Final_Build/GameOver.unity using Guid(3ec9308557120476da46a188abe4ae81) Importer(815301076,1909f56bfc062723c751e8b465ee728b)  -> (artifact id: '6f939a77803ed845c452efb7282443d0') in 0.010433 seconds 
  Import took 0.022900 seconds .

========================================================================
Received Import Request.
  Time since last request: 2.061860 seconds.
  path: Assets/Scenes/Final_Build/MainMenu.unity
  artifactKey: Guid(e2d3525bca5e74895be539a9b22502d4) Importer(815301076,1909f56bfc062723c751e8b465ee728b)
Start importing Assets/Scenes/Final_Build/MainMenu.unity using Guid(e2d3525bca5e74895be539a9b22502d4) Importer(815301076,1909f56bfc062723c751e8b465ee728b)  -> (artifact id: 'b736e815cc1581134dcd360844e2233c') in 0.003220 seconds 
  Import took 0.007638 seconds .

========================================================================
Received Import Request.
  Time since last request: 4.120154 seconds.
  path: Assets/Scenes/Final_Build/GamePlay.unity
  artifactKey: Guid(7abe33c7867ec498cb5a8450f343edf2) Importer(815301076,1909f56bfc062723c751e8b465ee728b)
Start importing Assets/Scenes/Final_Build/GamePlay.unity using Guid(7abe33c7867ec498cb5a8450f343edf2) Importer(815301076,1909f56bfc062723c751e8b465ee728b)  -> (artifact id: 'a64d0535201800b85acf48a9d5c682e9') in 0.004066 seconds 
  Import took 0.007965 seconds .

========================================================================
Received Prepare
Refreshing native plugins compatible for Editor in 2.97 ms, found 2 plugins.
Preloading 0 native plugins for Editor in 0.00 ms.
Unloading 12 Unused Serialized files (Serialized files now loaded: 0)
System memory in use before: 116.8 MB.
System memory in use after: 116.9 MB.

Unloading 12 unused Assets to reduce memory usage. Loaded Objects now: 1846.
Total: 15.225625 ms (FindLiveObjects: 0.193625 ms CreateObjectMapping: 0.027792 ms MarkObjects: 14.891125 ms  DeleteObjects: 0.112375 ms)

AssetImportParameters requested are different than current active one (requested -> active):
  custom:video-decoder-ogg-theora: a1e56fd34408186e4bbccfd4996cb3dc -> 
  custom:container-muxer-webm: aa71ff27fc2769a1b78a27578f13a17b -> 
  custom:container-demuxer-webm: 4f35f7cbe854078d1ac9338744f61a02 -> 
  custom:container-demuxer-ogg: 62fdf1f143b41e24485cea50d1cbac27 -> 
  custom:video-encoder-webm-vp8: eb34c28f22e8b96e1ab97ce403110664 -> 
  custom:framework-osx-AVFoundation: e770b220cccbd017edd2c1fefb359320 -> 
  custom:video-decoder-webm-vp8: 9c59270c3fd7afecdb556c50c9e8de78 -> 
  custom:audio-decoder-ogg-vorbis: bf7c407c2cedff20999df2af8eb42d56 -> 
  custom:audio-encoder-webm-vorbis: bf7c407c2cedff20999df2af8eb42d56 -> 
========================================================================
Received Import Request.
  Time since last request: 51.532697 seconds.
  path: Assets/Scenes/SampleScene.unity
  artifactKey: Guid(9fc0d4010bbf28b4594072e72b8655ab) Importer(815301076,1909f56bfc062723c751e8b465ee728b)
Start importing Assets/Scenes/SampleScene.unity using Guid(9fc0d4010bbf28b4594072e72b8655ab) Importer(815301076,1909f56bfc062723c751e8b465ee728b)  -> (artifact id: '237070902c3a9a31ea5ae7b349c4a269') in 0.006586 seconds 
  Import took 0.017398 seconds .

AssetImportWorkerClient::OnTransportError - code=2 error=End of file
